<?xml version="1.0" encoding="UTF-8"?>
<!-- Generated by org.testng.reporters.JUnitReportReporter -->
<testsuite hostname="Gouri" failures="0" tests="1" name="SaarkarTesting.Appium.LongPress" time="11.021" errors="0" timestamp="2023-06-16T19:45:39 IST" skipped="0">
  <testcase classname="SaarkarTesting.Appium.LongPress" name="longPressGesture" time="11.021"/>
  <system-out/>
</testsuite> <!-- SaarkarTesting.Appium.LongPress -->
