<?xml version="1.0" encoding="UTF-8"?>
<!-- Generated by org.testng.reporters.JUnitReportReporter -->
<testsuite hostname="Gouri" failures="0" tests="1" name="SaarkarTesting.Appium.eCommerce_TC_3" time="172.499" errors="0" timestamp="2023-06-18T12:56:07 IST" skipped="0">
  <testcase classname="SaarkarTesting.Appium.eCommerce_TC_3" name="formFill" time="172.499"/>
  <system-out/>
</testsuite> <!-- SaarkarTesting.Appium.eCommerce_TC_3 -->
