<?xml version="1.0" encoding="UTF-8"?>
<!-- Generated by org.testng.reporters.JUnitReportReporter -->
<testsuite hostname="Gouri" failures="0" tests="1" name="SaarkarTesting.Appium.Miscellenious" time="28.984" errors="0" timestamp="2023-06-24T13:25:48 IST" skipped="0">
  <testcase classname="SaarkarTesting.Appium.Miscellenious" name="miscTest" time="28.984"/>
  <system-out/>
</testsuite> <!-- SaarkarTesting.Appium.Miscellenious -->
