<?xml version="1.0" encoding="UTF-8"?>
<!-- Generated by org.testng.reporters.JUnitReportReporter -->
<testsuite hostname="Gouri" failures="0" tests="1" name="SaarkarTesting.Appium.AppiumBasic" time="8.528" errors="0" timestamp="2023-06-16T13:16:15 IST" skipped="0">
  <testcase classname="SaarkarTesting.Appium.AppiumBasic" name="AppiumTest1" time="8.528"/>
  <system-out/>
</testsuite> <!-- SaarkarTesting.Appium.AppiumBasic -->
