<?xml version="1.0" encoding="UTF-8"?>
<!-- Generated by org.testng.reporters.JUnitReportReporter -->
<testsuite hostname="Gouri" failures="0" tests="1" name="SaarkarTesting.Appium.eCommerce_TC_2" time="35.886" errors="0" timestamp="2023-06-18T12:02:42 IST" skipped="0">
  <testcase classname="SaarkarTesting.Appium.eCommerce_TC_2" name="formFill" time="35.886"/>
  <system-out/>
</testsuite> <!-- SaarkarTesting.Appium.eCommerce_TC_2 -->
