<?xml version="1.0" encoding="UTF-8"?>
<!-- Generated by org.testng.reporters.JUnitReportReporter -->
<testsuite hostname="Gouri" failures="0" tests="1" name="SaarkarTesting.Appium.scrollDemo" time="25.503" errors="0" timestamp="2023-06-16T19:41:02 IST" skipped="0">
  <testcase classname="SaarkarTesting.Appium.scrollDemo" name="scrollDemoTest" time="25.503"/>
  <system-out/>
</testsuite> <!-- SaarkarTesting.Appium.scrollDemo -->
