<?xml version="1.0" encoding="UTF-8"?>
<!-- Generated by org.testng.reporters.JUnitReportReporter -->
<testsuite hostname="Gouri" failures="0" tests="1" name="SaarkarTesting.Appium.swipeDemo" time="10.290" errors="0" timestamp="2023-06-16T19:35:15 IST" skipped="0">
  <testcase classname="SaarkarTesting.Appium.swipeDemo" name="swipeDemoTest" time="10.290"/>
  <system-out/>
</testsuite> <!-- SaarkarTesting.Appium.swipeDemo -->
