<?xml version="1.0" encoding="UTF-8"?>
<!-- Generated by org.testng.reporters.JUnitReportReporter -->
<testsuite hostname="Gouri" failures="0" tests="1" name="SaarkarTesting.Appium.dragandDropDemo" time="7.210" errors="0" timestamp="2023-06-16T20:49:00 IST" skipped="0">
  <testcase classname="SaarkarTesting.Appium.dragandDropDemo" name="dragandDropDemoTest" time="7.210"/>
  <system-out/>
</testsuite> <!-- SaarkarTesting.Appium.dragandDropDemo -->
